Using pre-set license
Built from '2022.3/staging' branch; Version is '2022.3.9f1 (ea401c316338) revision 15351836'; Using compiler version '192829333'; Build Type 'Release'
OS: 'Windows 10  (10.0.19045) 64bit Professional' Language: 'es' Physical Memory: 14229 MB
BatchMode: 1, IsHumanControllingUs: 0, StartBugReporterOnCrash: 0, Is64bit: 1, IsPro: 1

COMMAND LINE ARGUMENTS:
C:\Program Files\Unity\Hub\Editor\2022.3.9f1-x86_64\Editor\Unity.exe
-adb2
-batchMode
-noUpm
-name
AssetImportWorker2
-projectPath
C:/Users/ALUMNO/Desktop/Underground_Delay/Underground Delay
-logFile
Logs/AssetImportWorker2.log
-srvPort
61821
Successfully changed project path to: C:/Users/ALUMNO/Desktop/Underground_Delay/Underground Delay
C:/Users/ALUMNO/Desktop/Underground_Delay/Underground Delay
[UnityMemory] Configuration Parameters - Can be set up in boot.config
    "memorysetup-bucket-allocator-granularity=16"
    "memorysetup-bucket-allocator-bucket-count=8"
    "memorysetup-bucket-allocator-block-size=33554432"
    "memorysetup-bucket-allocator-block-count=8"
    "memorysetup-main-allocator-block-size=16777216"
    "memorysetup-thread-allocator-block-size=16777216"
    "memorysetup-gfx-main-allocator-block-size=16777216"
    "memorysetup-gfx-thread-allocator-block-size=16777216"
    "memorysetup-cache-allocator-block-size=4194304"
    "memorysetup-typetree-allocator-block-size=2097152"
    "memorysetup-profiler-bucket-allocator-granularity=16"
    "memorysetup-profiler-bucket-allocator-bucket-count=8"
    "memorysetup-profiler-bucket-allocator-block-size=33554432"
    "memorysetup-profiler-bucket-allocator-block-count=8"
    "memorysetup-profiler-allocator-block-size=16777216"
    "memorysetup-profiler-editor-allocator-block-size=1048576"
    "memorysetup-temp-allocator-size-main=16777216"
    "memorysetup-job-temp-allocator-block-size=2097152"
    "memorysetup-job-temp-allocator-block-size-background=1048576"
    "memorysetup-job-temp-allocator-reduction-small-platforms=262144"
    "memorysetup-allocator-temp-initial-block-size-main=262144"
    "memorysetup-allocator-temp-initial-block-size-worker=262144"
    "memorysetup-temp-allocator-size-background-worker=32768"
    "memorysetup-temp-allocator-size-job-worker=262144"
    "memorysetup-temp-allocator-size-preload-manager=33554432"
    "memorysetup-temp-allocator-size-nav-mesh-worker=65536"
    "memorysetup-temp-allocator-size-audio-worker=65536"
    "memorysetup-temp-allocator-size-cloud-worker=32768"
    "memorysetup-temp-allocator-size-gi-baking-worker=262144"
    "memorysetup-temp-allocator-size-gfx=262144"
Player connection [2432] Host "[IP] 192.168.0.205 [Port] 0 [Flags] 2 [Guid] 1485741581 [EditorId] 1485741581 [Version] 1048832 [Id] WindowsEditor(7,01-EPSUM-S1) [Debug] 1 [PackageName] WindowsEditor [ProjectName] Editor" joined multi-casting on [225.0.0.222:54997]...

Player connection [2432] Host "[IP] 192.168.0.205 [Port] 0 [Flags] 2 [Guid] 1485741581 [EditorId] 1485741581 [Version] 1048832 [Id] WindowsEditor(7,01-EPSUM-S1) [Debug] 1 [PackageName] WindowsEditor [ProjectName] Editor" joined alternative multi-casting on [225.0.0.222:34997]...

[Physics::Module] Initialized MultithreadedJobDispatcher with 11 workers.
Refreshing native plugins compatible for Editor in 11.22 ms, found 3 plugins.
Preloading 0 native plugins for Editor in 0.00 ms.
Initialize engine version: 2022.3.9f1 (ea401c316338)
[Subsystems] Discovering subsystems at path C:/Program Files/Unity/Hub/Editor/2022.3.9f1-x86_64/Editor/Data/Resources/UnitySubsystems
[Subsystems] Discovering subsystems at path C:/Users/ALUMNO/Desktop/Underground_Delay/Underground Delay/Assets
GfxDevice: creating device client; threaded=0; jobified=0
Direct3D:
    Version:  Direct3D 11.0 [level 11.1]
    Renderer: AMD Radeon(TM) Graphics (ID=0x1636)
    Vendor:   ATI
    VRAM:     7114 MB
    Driver:   31.0.12027.9001
Initialize mono
Mono path[0] = 'C:/Program Files/Unity/Hub/Editor/2022.3.9f1-x86_64/Editor/Data/Managed'
Mono path[1] = 'C:/Program Files/Unity/Hub/Editor/2022.3.9f1-x86_64/Editor/Data/MonoBleedingEdge/lib/mono/unityjit-win32'
Mono config path = 'C:/Program Files/Unity/Hub/Editor/2022.3.9f1-x86_64/Editor/Data/MonoBleedingEdge/etc'
Using monoOptions --debugger-agent=transport=dt_socket,embedding=1,server=y,suspend=n,address=127.0.0.1:56344
Begin MonoManager ReloadAssembly
Registering precompiled unity dll's ...
Register platform support module: C:/Program Files/Unity/Hub/Editor/2022.3.9f1-x86_64/Editor/Data/PlaybackEngines/WindowsStandaloneSupport/UnityEditor.WindowsStandalone.Extensions.dll
Registered in 0.011598 seconds.
- Loaded All Assemblies, in  0.507 seconds
Native extension for WindowsStandalone target not found
Mono: successfully reloaded assembly
- Finished resetting the current domain, in  0.385 seconds
Domain Reload Profiling: 891ms
	BeginReloadAssembly (172ms)
		ExecutionOrderSort (0ms)
		DisableScriptedObjects (0ms)
		BackupInstance (0ms)
		ReleaseScriptingObjects (0ms)
		CreateAndSetChildDomain (1ms)
	RebuildCommonClasses (47ms)
	RebuildNativeTypeToScriptingClass (13ms)
	initialDomainReloadingComplete (79ms)
	LoadAllAssembliesAndSetupDomain (194ms)
		LoadAssemblies (167ms)
		RebuildTransferFunctionScriptingTraits (0ms)
		AnalyzeDomain (191ms)
			TypeCache.Refresh (189ms)
				TypeCache.ScanAssembly (168ms)
			ScanForSourceGeneratedMonoScriptInfo (0ms)
			ResolveRequiredComponents (1ms)
	FinalizeReload (386ms)
		ReleaseScriptCaches (0ms)
		RebuildScriptCaches (0ms)
		SetupLoadedEditorAssemblies (302ms)
			LogAssemblyErrors (0ms)
			InitializePlatformSupportModulesInManaged (17ms)
			SetLoadedEditorAssemblies (13ms)
			RefreshPlugins (0ms)
			BeforeProcessingInitializeOnLoad (2ms)
			ProcessInitializeOnLoadAttributes (200ms)
			ProcessInitializeOnLoadMethodAttributes (70ms)
			AfterProcessingInitializeOnLoad (0ms)
			EditorAssembliesLoaded (0ms)
		ExecutionOrderSort2 (0ms)
		AwakeInstancesAfterBackupRestoration (0ms)
========================================================================
Worker process is ready to serve import requests
Begin MonoManager ReloadAssembly
- Loaded All Assemblies, in  0.904 seconds
Refreshing native plugins compatible for Editor in 4.56 ms, found 3 plugins.
Native extension for WindowsStandalone target not found
Package Manager log level set to [2]
[Package Manager] Server::EnsureServerProcessIsRunning -- launch failed, reason: Unity was launched with the -noUpm command-line argument
[Package Manager] UpmClient::Send -- Unable to send message (not connected to UPM process).
[Package Manager] Cannot connect to Unity Package Manager local server
Mono: successfully reloaded assembly
- Finished resetting the current domain, in  0.768 seconds
Domain Reload Profiling: 1670ms
	BeginReloadAssembly (226ms)
		ExecutionOrderSort (0ms)
		DisableScriptedObjects (6ms)
		BackupInstance (0ms)
		ReleaseScriptingObjects (0ms)
		CreateAndSetChildDomain (37ms)
	RebuildCommonClasses (47ms)
	RebuildNativeTypeToScriptingClass (11ms)
	initialDomainReloadingComplete (53ms)
	LoadAllAssembliesAndSetupDomain (565ms)
		LoadAssemblies (464ms)
		RebuildTransferFunctionScriptingTraits (0ms)
		AnalyzeDomain (230ms)
			TypeCache.Refresh (204ms)
				TypeCache.ScanAssembly (183ms)
			ScanForSourceGeneratedMonoScriptInfo (18ms)
			ResolveRequiredComponents (5ms)
	FinalizeReload (769ms)
		ReleaseScriptCaches (0ms)
		RebuildScriptCaches (0ms)
		SetupLoadedEditorAssemblies (575ms)
			LogAssemblyErrors (0ms)
			InitializePlatformSupportModulesInManaged (7ms)
			SetLoadedEditorAssemblies (5ms)
			RefreshPlugins (0ms)
			BeforeProcessingInitializeOnLoad (78ms)
			ProcessInitializeOnLoadAttributes (449ms)
			ProcessInitializeOnLoadMethodAttributes (26ms)
			AfterProcessingInitializeOnLoad (10ms)
			EditorAssembliesLoaded (0ms)
		ExecutionOrderSort2 (0ms)
		AwakeInstancesAfterBackupRestoration (8ms)
Launched and connected shader compiler UnityShaderCompiler.exe after 0.06 seconds
Refreshing native plugins compatible for Editor in 4.69 ms, found 3 plugins.
Preloading 0 native plugins for Editor in 0.00 ms.
Unloading 3138 Unused Serialized files (Serialized files now loaded: 0)
Unloading 32 unused Assets / (56.9 KB). Loaded Objects now: 3600.
Memory consumption went from 119.4 MB to 119.4 MB.
Total: 5.860600 ms (FindLiveObjects: 0.486600 ms CreateObjectMapping: 0.117300 ms MarkObjects: 4.969600 ms  DeleteObjects: 0.283200 ms)

AssetImportParameters requested are different than current active one (requested -> active):
  custom:container-demuxer-ogg: 62fdf1f143b41e24485cea50d1cbac27 -> 
  custom:video-decoder-ogg-theora: a1e56fd34408186e4bbccfd4996cb3dc -> 
  custom:framework-win-MediaFoundation: 216162199b28c13a410421893ffa2e32 -> 
  custom:container-demuxer-webm: 4f35f7cbe854078d1ac9338744f61a02 -> 
  custom:container-muxer-webm: aa71ff27fc2769a1b78a27578f13a17b -> 
  custom:video-decoder-webm-vp8: 9c59270c3fd7afecdb556c50c9e8de78 -> 
  custom:AudioImporter_EditorPlatform: d09bf68614088b80899f8185d706f6e7 -> 
  custom:video-encoder-webm-vp8: eb34c28f22e8b96e1ab97ce403110664 -> 
  custom:audio-decoder-ogg-vorbis: bf7c407c2cedff20999df2af8eb42d56 -> 
  custom:audio-encoder-webm-vorbis: bf7c407c2cedff20999df2af8eb42d56 -> 
========================================================================
Received Import Request.
  Time since last request: 252663.040002 seconds.
  path: Assets/Images/FondosAnimados/PruebaMenúPrincipal/72.jpg
  artifactKey: Guid(aa704170f6fe92c458c3004587553913) Importer(815301076,1909f56bfc062723c751e8b465ee728b)
Start importing Assets/Images/FondosAnimados/PruebaMenúPrincipal/72.jpg using Guid(aa704170f6fe92c458c3004587553913) Importer(815301076,1909f56bfc062723c751e8b465ee728b)  -> (artifact id: '1b0c2a3063f0f511f42e8d9ccd6bbcaa') in 0.153170 seconds
Number of updated asset objects reloaded before import = 0
Number of asset objects unloaded after import = 3
========================================================================
Received Import Request.
  Time since last request: 0.000037 seconds.
  path: Assets/Images/FondosAnimados/PruebaMenúPrincipal/44.jpg
  artifactKey: Guid(8f2b7d8ebfe1d52459581644f1a9fe48) Importer(815301076,1909f56bfc062723c751e8b465ee728b)
Start importing Assets/Images/FondosAnimados/PruebaMenúPrincipal/44.jpg using Guid(8f2b7d8ebfe1d52459581644f1a9fe48) Importer(815301076,1909f56bfc062723c751e8b465ee728b)  -> (artifact id: '1ec4fe43bbdd00f04292c057c6342321') in 0.031790 seconds
Number of updated asset objects reloaded before import = 0
Number of asset objects unloaded after import = 3
========================================================================
Received Import Request.
  Time since last request: 0.000022 seconds.
  path: Assets/Images/FondosAnimados/PruebaMenúPrincipal/65.jpg
  artifactKey: Guid(ce9650f8938d18e4fb3dce26931211bb) Importer(815301076,1909f56bfc062723c751e8b465ee728b)
Start importing Assets/Images/FondosAnimados/PruebaMenúPrincipal/65.jpg using Guid(ce9650f8938d18e4fb3dce26931211bb) Importer(815301076,1909f56bfc062723c751e8b465ee728b)  -> (artifact id: 'e1c609ea14adb0b0cb33b05b42f5fa4a') in 0.030381 seconds
Number of updated asset objects reloaded before import = 0
Number of asset objects unloaded after import = 3
========================================================================
Received Import Request.
  Time since last request: 0.000056 seconds.
  path: Assets/Images/FondosAnimados/PruebaMenúPrincipal/9.jpg
  artifactKey: Guid(463c95042c353cc4ba0feb5852811c59) Importer(815301076,1909f56bfc062723c751e8b465ee728b)
Start importing Assets/Images/FondosAnimados/PruebaMenúPrincipal/9.jpg using Guid(463c95042c353cc4ba0feb5852811c59) Importer(815301076,1909f56bfc062723c751e8b465ee728b)  -> (artifact id: '33c7bd2def92aaa3e5b1d6591e9a535b') in 0.038544 seconds
Number of updated asset objects reloaded before import = 0
Number of asset objects unloaded after import = 3
========================================================================
Received Import Request.
  Time since last request: 0.000092 seconds.
  path: Assets/Images/FondosAnimados/PruebaMenúPrincipal/91.jpg
  artifactKey: Guid(1538dc6aca68fe54d85cf6ddd83abb0b) Importer(815301076,1909f56bfc062723c751e8b465ee728b)
Start importing Assets/Images/FondosAnimados/PruebaMenúPrincipal/91.jpg using Guid(1538dc6aca68fe54d85cf6ddd83abb0b) Importer(815301076,1909f56bfc062723c751e8b465ee728b)  -> (artifact id: '599e3657618d5caf6ae534a820a3c9c9') in 0.033190 seconds
Number of updated asset objects reloaded before import = 0
Number of asset objects unloaded after import = 3
========================================================================
Received Import Request.
  Time since last request: 0.000023 seconds.
  path: Assets/Images/FondosAnimados/PruebaMenúPrincipal/62.jpg
  artifactKey: Guid(e0524f40619dff24c945cde47d9d3e4c) Importer(815301076,1909f56bfc062723c751e8b465ee728b)
Start importing Assets/Images/FondosAnimados/PruebaMenúPrincipal/62.jpg using Guid(e0524f40619dff24c945cde47d9d3e4c) Importer(815301076,1909f56bfc062723c751e8b465ee728b)  -> (artifact id: '3afd5af492498d184fa09cc2a1f32101') in 0.035724 seconds
Number of updated asset objects reloaded before import = 0
Number of asset objects unloaded after import = 3
========================================================================
Received Import Request.
  Time since last request: 0.000032 seconds.
  path: Assets/Images/FondosAnimados/PruebaMenúPrincipal/96.jpg
  artifactKey: Guid(88ae75307df1e5f49a57eddd7dfee733) Importer(815301076,1909f56bfc062723c751e8b465ee728b)
Start importing Assets/Images/FondosAnimados/PruebaMenúPrincipal/96.jpg using Guid(88ae75307df1e5f49a57eddd7dfee733) Importer(815301076,1909f56bfc062723c751e8b465ee728b)  -> (artifact id: '22bc8cabf7254720659fef5bddadc197') in 0.040523 seconds
Number of updated asset objects reloaded before import = 0
Number of asset objects unloaded after import = 3
========================================================================
Received Import Request.
  Time since last request: 0.000402 seconds.
  path: Assets/Images/FondosAnimados/PruebaMenúPrincipal/83.jpg
  artifactKey: Guid(20b7d48e8a775b34ba5f99c621a5f2fb) Importer(815301076,1909f56bfc062723c751e8b465ee728b)
Start importing Assets/Images/FondosAnimados/PruebaMenúPrincipal/83.jpg using Guid(20b7d48e8a775b34ba5f99c621a5f2fb) Importer(815301076,1909f56bfc062723c751e8b465ee728b)  -> (artifact id: '21fdf622430fc729a9ebd21bfaaabc6c') in 0.057705 seconds
Number of updated asset objects reloaded before import = 0
Number of asset objects unloaded after import = 3
========================================================================
Received Import Request.
  Time since last request: 0.000040 seconds.
  path: Assets/Images/FondosAnimados/PruebaMenúPrincipal/73.jpg
  artifactKey: Guid(fbcaed288dcdace469e696eaa16b509e) Importer(815301076,1909f56bfc062723c751e8b465ee728b)
Start importing Assets/Images/FondosAnimados/PruebaMenúPrincipal/73.jpg using Guid(fbcaed288dcdace469e696eaa16b509e) Importer(815301076,1909f56bfc062723c751e8b465ee728b)  -> (artifact id: 'f985cd62438df62ac4a1d1ad2711b0bd') in 0.039333 seconds
Number of updated asset objects reloaded before import = 0
Number of asset objects unloaded after import = 3
========================================================================
Received Import Request.
  Time since last request: 0.000032 seconds.
  path: Assets/Images/FondosAnimados/PruebaMenúPrincipal/37.jpg
  artifactKey: Guid(203baeec510034d458d513fc79fcc043) Importer(815301076,1909f56bfc062723c751e8b465ee728b)
Start importing Assets/Images/FondosAnimados/PruebaMenúPrincipal/37.jpg using Guid(203baeec510034d458d513fc79fcc043) Importer(815301076,1909f56bfc062723c751e8b465ee728b)  -> (artifact id: '1fc995189d04f9df8ae20a0e82935135') in 0.032868 seconds
Number of updated asset objects reloaded before import = 0
Number of asset objects unloaded after import = 3
========================================================================
Received Import Request.
  Time since last request: 0.000062 seconds.
  path: Assets/Images/FondosAnimados/PruebaMenúPrincipal/10.jpg
  artifactKey: Guid(7948c0feb04beba499e122ae387bdfed) Importer(815301076,1909f56bfc062723c751e8b465ee728b)
Start importing Assets/Images/FondosAnimados/PruebaMenúPrincipal/10.jpg using Guid(7948c0feb04beba499e122ae387bdfed) Importer(815301076,1909f56bfc062723c751e8b465ee728b)  -> (artifact id: 'e745ebc7c200e30309450955db9a12a5') in 0.037060 seconds
Number of updated asset objects reloaded before import = 0
Number of asset objects unloaded after import = 3
========================================================================
Received Import Request.
  Time since last request: 0.000031 seconds.
  path: Assets/Images/FondosAnimados/PruebaMenúPrincipal/8.jpg
  artifactKey: Guid(f6a03a721682b0549ae1c05bafecc7a2) Importer(815301076,1909f56bfc062723c751e8b465ee728b)
Start importing Assets/Images/FondosAnimados/PruebaMenúPrincipal/8.jpg using Guid(f6a03a721682b0549ae1c05bafecc7a2) Importer(815301076,1909f56bfc062723c751e8b465ee728b)  -> (artifact id: '54883d46a89501f044e6af15add15cf3') in 0.035195 seconds
Number of updated asset objects reloaded before import = 0
Number of asset objects unloaded after import = 3
========================================================================
Received Import Request.
  Time since last request: 0.000023 seconds.
  path: Assets/Images/FondosAnimados/PruebaMenúPrincipal/80.jpg
  artifactKey: Guid(2ae7cc7b7eea5b049ac99da772f17e91) Importer(815301076,1909f56bfc062723c751e8b465ee728b)
Start importing Assets/Images/FondosAnimados/PruebaMenúPrincipal/80.jpg using Guid(2ae7cc7b7eea5b049ac99da772f17e91) Importer(815301076,1909f56bfc062723c751e8b465ee728b)  -> (artifact id: '8e9b1bfca02e44166504c8216d8708e6') in 0.039440 seconds
Number of updated asset objects reloaded before import = 0
Number of asset objects unloaded after import = 3
========================================================================
Received Import Request.
  Time since last request: 0.000019 seconds.
  path: Assets/Images/FondosAnimados/PruebaMenúPrincipal/78.jpg
  artifactKey: Guid(70e42eb50ab0e7c44a95efd28eb7e9f8) Importer(815301076,1909f56bfc062723c751e8b465ee728b)
Start importing Assets/Images/FondosAnimados/PruebaMenúPrincipal/78.jpg using Guid(70e42eb50ab0e7c44a95efd28eb7e9f8) Importer(815301076,1909f56bfc062723c751e8b465ee728b)  -> (artifact id: '43adc9fabf067f9f666d00e339362a04') in 0.037805 seconds
Number of updated asset objects reloaded before import = 0
Number of asset objects unloaded after import = 3
========================================================================
Received Import Request.
  Time since last request: 0.000023 seconds.
  path: Assets/Images/FondosAnimados/PruebaMenúPrincipal/77.jpg
  artifactKey: Guid(a4cd2f1a9108f5340bb75c3123ba2131) Importer(815301076,1909f56bfc062723c751e8b465ee728b)
Start importing Assets/Images/FondosAnimados/PruebaMenúPrincipal/77.jpg using Guid(a4cd2f1a9108f5340bb75c3123ba2131) Importer(815301076,1909f56bfc062723c751e8b465ee728b)  -> (artifact id: '88ff731f88aa1bc27eba640644cc692a') in 0.028015 seconds
Number of updated asset objects reloaded before import = 0
Number of asset objects unloaded after import = 3
========================================================================
Received Import Request.
  Time since last request: 0.000044 seconds.
  path: Assets/Images/FondosAnimados/PruebaMenúPrincipal/38.jpg
  artifactKey: Guid(02b82dbe89993bc4da63ed1fbd3d6207) Importer(815301076,1909f56bfc062723c751e8b465ee728b)
Start importing Assets/Images/FondosAnimados/PruebaMenúPrincipal/38.jpg using Guid(02b82dbe89993bc4da63ed1fbd3d6207) Importer(815301076,1909f56bfc062723c751e8b465ee728b)  -> (artifact id: 'a80ca7ad21e7fb7c48f589c46e2658a0') in 0.036162 seconds
Number of updated asset objects reloaded before import = 0
Number of asset objects unloaded after import = 3
========================================================================
Received Import Request.
  Time since last request: 0.000040 seconds.
  path: Assets/Images/FondosAnimados/PruebaMenúPrincipal/51.jpg
  artifactKey: Guid(afee366308109dd42a3a5b5a0353ec46) Importer(815301076,1909f56bfc062723c751e8b465ee728b)
Start importing Assets/Images/FondosAnimados/PruebaMenúPrincipal/51.jpg using Guid(afee366308109dd42a3a5b5a0353ec46) Importer(815301076,1909f56bfc062723c751e8b465ee728b)  -> (artifact id: 'a0c8e5207029d24fef05180b224cc834') in 0.032587 seconds
Number of updated asset objects reloaded before import = 0
Number of asset objects unloaded after import = 3
========================================================================
Received Import Request.
  Time since last request: 0.000041 seconds.
  path: Assets/Images/FondosAnimados/PruebaMenúPrincipal/13.jpg
  artifactKey: Guid(bea61d5bdeb827a49b72399a18b9944b) Importer(815301076,1909f56bfc062723c751e8b465ee728b)
Start importing Assets/Images/FondosAnimados/PruebaMenúPrincipal/13.jpg using Guid(bea61d5bdeb827a49b72399a18b9944b) Importer(815301076,1909f56bfc062723c751e8b465ee728b)  -> (artifact id: '7cb87f3f7f0ac82859ed5be28be01560') in 0.026802 seconds
Number of updated asset objects reloaded before import = 0
Number of asset objects unloaded after import = 3
========================================================================
Received Import Request.
  Time since last request: 0.000038 seconds.
  path: Assets/Images/FondosAnimados/PruebaMenúPrincipal/36.jpg
  artifactKey: Guid(4cb1e85e4eb1a05459e6f38d6abcf3a3) Importer(815301076,1909f56bfc062723c751e8b465ee728b)
Start importing Assets/Images/FondosAnimados/PruebaMenúPrincipal/36.jpg using Guid(4cb1e85e4eb1a05459e6f38d6abcf3a3) Importer(815301076,1909f56bfc062723c751e8b465ee728b)  -> (artifact id: 'c939ef474e6b950d5de40fe2df15c3ca') in 0.031208 seconds
Number of updated asset objects reloaded before import = 0
Number of asset objects unloaded after import = 3
========================================================================
Received Prepare
Refreshing native plugins compatible for Editor in 4.79 ms, found 3 plugins.
Preloading 0 native plugins for Editor in 0.00 ms.
Unloading 0 Unused Serialized files (Serialized files now loaded: 0)
Unloading 1 unused Assets / (0.8 KB). Loaded Objects now: 3607.
Memory consumption went from 71.5 MB to 71.5 MB.
Total: 5.444200 ms (FindLiveObjects: 0.413700 ms CreateObjectMapping: 0.134400 ms MarkObjects: 4.756700 ms  DeleteObjects: 0.136400 ms)

Prepare: number of updated asset objects reloaded= 0
AssetImportParameters requested are different than current active one (requested -> active):
  custom:container-demuxer-ogg: 62fdf1f143b41e24485cea50d1cbac27 -> 
  custom:video-decoder-ogg-theora: a1e56fd34408186e4bbccfd4996cb3dc -> 
  custom:framework-win-MediaFoundation: 216162199b28c13a410421893ffa2e32 -> 
  custom:CustomObjectIndexerAttribute: 756ad292c208cfabdd7b50bc23989ffe -> 
  custom:container-demuxer-webm: 4f35f7cbe854078d1ac9338744f61a02 -> 
  custom:container-muxer-webm: aa71ff27fc2769a1b78a27578f13a17b -> 
  custom:video-decoder-webm-vp8: 9c59270c3fd7afecdb556c50c9e8de78 -> 
  custom:SearchIndexIgnoredProperties: e643bd26f0fe6173181afceb89e7c659 -> 
  custom:AudioImporter_EditorPlatform: d09bf68614088b80899f8185d706f6e7 -> 
  custom:video-encoder-webm-vp8: eb34c28f22e8b96e1ab97ce403110664 -> 
  custom:audio-decoder-ogg-vorbis: bf7c407c2cedff20999df2af8eb42d56 -> 
  custom:audio-encoder-webm-vorbis: bf7c407c2cedff20999df2af8eb42d56 -> 
========================================================================
Received Prepare
Begin MonoManager ReloadAssembly
- Loaded All Assemblies, in  0.609 seconds
Refreshing native plugins compatible for Editor in 3.83 ms, found 3 plugins.
Native extension for WindowsStandalone target not found
[Package Manager] Server::EnsureServerProcessIsRunning -- launch failed, reason: Unity was launched with the -noUpm command-line argument
[Package Manager] UpmClient::Send -- Unable to send message (not connected to UPM process).
[Package Manager] Cannot connect to Unity Package Manager local server
Mono: successfully reloaded assembly
- Finished resetting the current domain, in  1.088 seconds
Domain Reload Profiling: 1695ms
	BeginReloadAssembly (192ms)
		ExecutionOrderSort (0ms)
		DisableScriptedObjects (5ms)
		BackupInstance (0ms)
		ReleaseScriptingObjects (0ms)
		CreateAndSetChildDomain (54ms)
	RebuildCommonClasses (44ms)
	RebuildNativeTypeToScriptingClass (17ms)
	initialDomainReloadingComplete (42ms)
	LoadAllAssembliesAndSetupDomain (312ms)
		LoadAssemblies (389ms)
		RebuildTransferFunctionScriptingTraits (0ms)
		AnalyzeDomain (22ms)
			TypeCache.Refresh (12ms)
				TypeCache.ScanAssembly (0ms)
			ScanForSourceGeneratedMonoScriptInfo (0ms)
			ResolveRequiredComponents (7ms)
	FinalizeReload (1089ms)
		ReleaseScriptCaches (0ms)
		RebuildScriptCaches (0ms)
		SetupLoadedEditorAssemblies (509ms)
			LogAssemblyErrors (0ms)
			InitializePlatformSupportModulesInManaged (8ms)
			SetLoadedEditorAssemblies (3ms)
			RefreshPlugins (0ms)
			BeforeProcessingInitializeOnLoad (74ms)
			ProcessInitializeOnLoadAttributes (390ms)
			ProcessInitializeOnLoadMethodAttributes (25ms)
			AfterProcessingInitializeOnLoad (9ms)
			EditorAssembliesLoaded (0ms)
		ExecutionOrderSort2 (0ms)
		AwakeInstancesAfterBackupRestoration (8ms)
Refreshing native plugins compatible for Editor in 4.72 ms, found 3 plugins.
Preloading 0 native plugins for Editor in 0.00 ms.
Unloading 3118 Unused Serialized files (Serialized files now loaded: 0)
Unloading 23 unused Assets / (31.0 KB). Loaded Objects now: 3609.
Memory consumption went from 119.9 MB to 119.9 MB.
Total: 5.173700 ms (FindLiveObjects: 0.774700 ms CreateObjectMapping: 0.131900 ms MarkObjects: 4.151100 ms  DeleteObjects: 0.113500 ms)

Prepare: number of updated asset objects reloaded= 0
AssetImportParameters requested are different than current active one (requested -> active):
  custom:container-demuxer-ogg: 62fdf1f143b41e24485cea50d1cbac27 -> 
  custom:video-decoder-ogg-theora: a1e56fd34408186e4bbccfd4996cb3dc -> 
  custom:framework-win-MediaFoundation: 216162199b28c13a410421893ffa2e32 -> 
  custom:CustomObjectIndexerAttribute: 756ad292c208cfabdd7b50bc23989ffe -> 
  custom:container-demuxer-webm: 4f35f7cbe854078d1ac9338744f61a02 -> 
  custom:container-muxer-webm: aa71ff27fc2769a1b78a27578f13a17b -> 
  custom:video-decoder-webm-vp8: 9c59270c3fd7afecdb556c50c9e8de78 -> 
  custom:SearchIndexIgnoredProperties: e643bd26f0fe6173181afceb89e7c659 -> 
  custom:AudioImporter_EditorPlatform: d09bf68614088b80899f8185d706f6e7 -> 
  custom:video-encoder-webm-vp8: eb34c28f22e8b96e1ab97ce403110664 -> 
  custom:audio-decoder-ogg-vorbis: bf7c407c2cedff20999df2af8eb42d56 -> 
  custom:audio-encoder-webm-vorbis: bf7c407c2cedff20999df2af8eb42d56 -> 
========================================================================
Received Import Request.
  Time since last request: 182.524272 seconds.
  path: Assets/Animations/1.controller
  artifactKey: Guid(52766895770d92b4d84938852b4dcbec) Importer(815301076,1909f56bfc062723c751e8b465ee728b)
Start importing Assets/Animations/1.controller using Guid(52766895770d92b4d84938852b4dcbec) Importer(815301076,1909f56bfc062723c751e8b465ee728b)  -> (artifact id: 'dfab7975740da886ce27a254cac2eaf8') in 0.014823 seconds
Number of updated asset objects reloaded before import = 0
Number of asset objects unloaded after import = 4
